+ ld obj/kern/kernel
+ mk obj/kern/kernel.img
Detected 1799.639 MHz processor.
6828 decimal is 15254 octal!
END: 0xf039e12c
Physical memory: 66556K available, base = 640K, extended = 65532K
check_page_alloc() succeeded!
check_page() succeeded!
check_kern_pgdir() succeeded!
check_page_installed_pgdir() succeeded!
enabled interrupts: 1 2 4
enabled interrupts: 1 2 4 8
[00000000] new env 00001000
[00000000] new env 00001001
VDATE: 2017-12-12 13:13:07
FS is running
FS can do I/O
Device 1 presence: 1
[00001001] exiting gracefully
[00001001] free env 00001001
block cache is good
superblock is good
bitmap is good
alloc_block is good
file_open is good
file_get_block is good
file_flush is good
file_truncate is good
file rewrite is good
No runnable environments in the system!
Welcome to the JOS kernel monitor!
Type 'help' for a list of commands.
K> qemu: terminating on signal 15 from pid 25596
